c:\users\upal\desktop\projects_v10.1.14\done\sinkhole_rpl\64bit\code\rpl\x64\debug\vc140.pdb
c:\users\upal\desktop\projects_v10.1.14\done\sinkhole_rpl\64bit\code\rpl\x64\debug\vc140.idb
c:\users\upal\desktop\projects_v10.1.14\done\sinkhole_rpl\64bit\code\rpl\x64\debug\dao.obj
c:\users\upal\desktop\projects_v10.1.14\done\sinkhole_rpl\64bit\code\rpl\x64\debug\dio.obj
c:\users\upal\desktop\projects_v10.1.14\done\sinkhole_rpl\64bit\code\rpl\x64\debug\dis.obj
c:\users\upal\desktop\projects_v10.1.14\done\sinkhole_rpl\64bit\code\rpl\x64\debug\dodag.obj
c:\users\upal\desktop\projects_v10.1.14\done\sinkhole_rpl\64bit\code\rpl\x64\debug\malicious.obj
c:\users\upal\desktop\projects_v10.1.14\done\sinkhole_rpl\64bit\code\rpl\x64\debug\neighbor.obj
c:\users\upal\desktop\projects_v10.1.14\done\sinkhole_rpl\64bit\code\rpl\x64\debug\rpl.obj
c:\users\upal\desktop\projects_v10.1.14\done\sinkhole_rpl\64bit\code\rpl\x64\debug\rpl_enum.obj
c:\users\upal\desktop\projects_v10.1.14\done\sinkhole_rpl\64bit\code\rpl\x64\debug\rpl_message.obj
c:\users\upal\desktop\projects_v10.1.14\done\sinkhole_rpl\64bit\code\rpl\x64\debug\sequencenumber.obj
c:\users\upal\desktop\projects_v10.1.14\done\sinkhole_rpl\64bit\code\rpl\x64\debug\trickle.obj
c:\users\upal\desktop\projects_v10.1.14\done\sinkhole_rpl\64bit\code\dll\librpl.dll
c:\users\upal\desktop\projects_v10.1.14\done\sinkhole_rpl\64bit\code\dll\rpl.pdb
c:\users\upal\desktop\projects_v10.1.14\done\sinkhole_rpl\64bit\code\dll\rpl.lib
c:\users\upal\desktop\projects_v10.1.14\done\sinkhole_rpl\64bit\code\dll\rpl.exp
c:\users\upal\desktop\v10.1.17\sinkhole_rpl\64bit\code\rpl\x64\debug\dao.obj
c:\users\upal\desktop\v10.1.17\sinkhole_rpl\64bit\code\rpl\x64\debug\dio.obj
c:\users\upal\desktop\v10.1.17\sinkhole_rpl\64bit\code\rpl\x64\debug\dis.obj
c:\users\upal\desktop\v10.1.17\sinkhole_rpl\64bit\code\rpl\x64\debug\dodag.obj
c:\users\upal\desktop\v10.1.17\sinkhole_rpl\64bit\code\rpl\x64\debug\malicious.obj
c:\users\upal\desktop\v10.1.17\sinkhole_rpl\64bit\code\rpl\x64\debug\neighbor.obj
c:\users\upal\desktop\v10.1.17\sinkhole_rpl\64bit\code\rpl\x64\debug\rpl.obj
c:\users\upal\desktop\v10.1.17\sinkhole_rpl\64bit\code\rpl\x64\debug\rpl_enum.obj
c:\users\upal\desktop\v10.1.17\sinkhole_rpl\64bit\code\rpl\x64\debug\rpl_message.obj
c:\users\upal\desktop\v10.1.17\sinkhole_rpl\64bit\code\rpl\x64\debug\sequencenumber.obj
c:\users\upal\desktop\v10.1.17\sinkhole_rpl\64bit\code\rpl\x64\debug\trickle.obj
c:\users\upal\desktop\v10.1.17\sinkhole_rpl\64bit\code\rpl\x64\debug\vc140.idb
c:\users\upal\desktop\v10.1.17\sinkhole_rpl\64bit\code\rpl\x64\debug\vc140.pdb
c:\users\upal\desktop\v10.1.17\sinkhole_rpl\64bit\code\rpl\x64\debug\rpl.tlog\cl.command.1.tlog
c:\users\upal\desktop\v10.1.17\sinkhole_rpl\64bit\code\rpl\x64\debug\rpl.tlog\cl.read.1.tlog
c:\users\upal\desktop\v10.1.17\sinkhole_rpl\64bit\code\rpl\x64\debug\rpl.tlog\cl.write.1.tlog
c:\users\upal\desktop\v10.1.17\sinkhole_rpl\64bit\code\rpl\x64\debug\rpl.tlog\link.command.1.tlog
c:\users\upal\desktop\v10.1.17\sinkhole_rpl\64bit\code\rpl\x64\debug\rpl.tlog\link.read.1.tlog
c:\users\upal\desktop\v10.1.17\sinkhole_rpl\64bit\code\rpl\x64\debug\rpl.tlog\link.write.1.tlog
c:\users\upal\desktop\v10.1.17\sinkhole_rpl\64bit\code\rpl\x64\debug\rpl.tlog\rpl.write.1u.tlog
